<?xml version="1.0" encoding="UTF-8"?>
<testsuite xmlns:xsi="http://www.w3.org/2001/XMLSchema-instance" xsi:noNamespaceSchemaLocation="https://maven.apache.org/surefire/maven-surefire-plugin/xsd/surefire-test-report-3.0.xsd" version="3.0" name="TestSuite" time="67.176" tests="5" errors="0" skipped="0" failures="5">
  <properties>
[...]
</properties>
  <testcase name="runScenario[&quot;TC-03 - Complete end-to-end checkout with a single product&quot;, &quot;Checkout Process&quot;](1)" classname="com.saucedemo.runners.TestRunner" time="14.757">
    <failure message="Expected condition failed: waiting for url to contain &quot;/cart.html&quot;. Current url: &quot;https://www.saucedemo.com/inventory.html&quot; (tried for 10 second(s) with 500 milliseconds interval)&#10;Build info: version: &apos;4.18.1&apos;, revision: &apos;b1d3319b48&apos;&#10;System info: os.name: &apos;Windows 10&apos;, os.arch: &apos;amd64&apos;, os.version: &apos;10.0&apos;, java.version: &apos;21.0.2&apos;&#10;Driver info: org.openqa.selenium.chrome.ChromeDriver&#10;Capabilities {acceptInsecureCerts: false, browserName: chrome, browserVersion: 145.0.7632.160, chrome: {chromedriverVersion: 145.0.7632.117 (de4e5d6e13b..., userDataDir: C:\Users\Testing\scoped_dir...}, fedcm:accounts: true, goog:chromeOptions: {debuggerAddress: localhost:50930}, goog:processID: 8384, networkConnectionEnabled: false, pageLoadStrategy: normal, platformName: windows, proxy: Proxy(), se:cdp: ws://localhost:50930/devtoo..., se:cdpVersion: 145.0.7632.160, setWindowRect: true, strictFileInteractability: false, timeouts: {implicit: 0, pageLoad: 300000, script: 30000}, unhandledPromptBehavior: dismiss and notify, webauthn:extension:credBlob: true, webauthn:extension:largeBlob: true, webauthn:extension:minPinLength: true, webauthn:extension:prf: true, webauthn:virtualAuthenticators: true}&#10;Session ID: 0a3382ec6042e4b9a2ebccbbb4e1b5f0" type="org.openqa.selenium.TimeoutException"><![CDATA[org.openqa.selenium.TimeoutException: 
Expected condition failed: waiting for url to contain "/cart.html". Current url: "https://www.saucedemo.com/inventory.html" (tried for 10 second(s) with 500 milliseconds interval)
Build info: version: '4.18.1', revision: 'b1d3319b48'
System info: os.name: 'Windows 10', os.arch: 'amd64', os.version: '10.0', java.version: '21.0.2'
Driver info: org.openqa.selenium.chrome.ChromeDriver
Capabilities {acceptInsecureCerts: false, browserName: chrome, browserVersion: 145.0.7632.160, chrome: {chromedriverVersion: 145.0.7632.117 (de4e5d6e13b..., userDataDir: C:\Users\Testing\scoped_dir...}, fedcm:accounts: true, goog:chromeOptions: {debuggerAddress: localhost:50930}, goog:processID: 8384, networkConnectionEnabled: false, pageLoadStrategy: normal, platformName: windows, proxy: Proxy(), se:cdp: ws://localhost:50930/devtoo..., se:cdpVersion: 145.0.7632.160, setWindowRect: true, strictFileInteractability: false, timeouts: {implicit: 0, pageLoad: 300000, script: 30000}, unhandledPromptBehavior: dismiss and notify, webauthn:extension:credBlob: true, webauthn:extension:largeBlob: true, webauthn:extension:minPinLength: true, webauthn:extension:prf: true, webauthn:virtualAuthenticators: true}
Session ID: 0a3382ec6042e4b9a2ebccbbb4e1b5f0
	at org.openqa.selenium.support.ui.WebDriverWait.timeoutException(WebDriverWait.java:84)
	at org.openqa.selenium.support.ui.FluentWait.until(FluentWait.java:228)
	at com.saucedemo.utils.WaitUtils.waitForUrlContains(WaitUtils.java:43)
	at com.saucedemo.pages.BasePage.assertUrlContains(BasePage.java:88)
	at com.saucedemo.pages.CartPage.assertOnCartPage(CartPage.java:50)
	at com.saucedemo.steps.CheckoutSteps.iClickCheckoutButton(CheckoutSteps.java:29)
	at ✽.I click the Checkout button(file:///C:/Users/Testing/Documents/selenium-bdd-framework/Sparkrock_test/src/test/resources/features/checkout.feature:14)
]]></failure>
    <system-out><![CDATA[
@checkout @smoke @e2e @TC-03
Scenario: TC-03 - Complete end-to-end checkout with a single product             # src/test/resources/features/checkout.feature:11
▶ Starting: TC-03 - Complete end-to-end checkout with a single product
  Given I am logged in with username "standard_user" and password "secret_sauce" # com.saucedemo.steps.CartSteps.iAmLoggedIn(java.lang.String,java.lang.String)
[Screenshot] Saved to: reports/screenshots/step_TC-03_-_Complete_end-to-end_checkout_with_a_single_product_20260312_133632.png

    Embedding Step Screenshot [image/png 311564 bytes]

  Given I have added "Sauce Labs Backpack" to the cart                           # com.saucedemo.steps.CheckoutSteps.iHaveAddedProductToCart(java.lang.String)
[Screenshot] Saved to: reports/screenshots/step_TC-03_-_Complete_end-to-end_checkout_with_a_single_product_20260312_133632.png

    Embedding Step Screenshot [image/png 328052 bytes]

  When I navigate to the cart                                                    # com.saucedemo.steps.CartSteps.iNavigateToCart()
[Screenshot] Saved to: reports/screenshots/step_TC-03_-_Complete_end-to-end_checkout_with_a_single_product_20260312_133633.png

    Embedding Step Screenshot [image/png 321757 bytes]

  And I click the Checkout button                                                # com.saucedemo.steps.CheckoutSteps.iClickCheckoutButton()
      org.openqa.selenium.TimeoutException: Expected condition failed: waiting for url to contain "/cart.html". Current url: "https://www.saucedemo.com/inventory.html" (tried for 10 second(s) with 500 milliseconds interval)
Build info: version: '4.18.1', revision: 'b1d3319b48'
System info: os.name: 'Windows 10', os.arch: 'amd64', os.version: '10.0', java.version: '21.0.2'
Driver info: org.openqa.selenium.chrome.ChromeDriver
Capabilities {acceptInsecureCerts: false, browserName: chrome, browserVersion: 145.0.7632.160, chrome: {chromedriverVersion: 145.0.7632.117 (de4e5d6e13b..., userDataDir: C:\Users\Testing\scoped_dir...}, fedcm:accounts: true, goog:chromeOptions: {debuggerAddress: localhost:50930}, goog:processID: 8384, networkConnectionEnabled: false, pageLoadStrategy: normal, platformName: windows, proxy: Proxy(), se:cdp: ws://localhost:50930/devtoo..., se:cdpVersion: 145.0.7632.160, setWindowRect: true, strictFileInteractability: false, timeouts: {implicit: 0, pageLoad: 300000, script: 30000}, unhandledPromptBehavior: dismiss and notify, webauthn:extension:credBlob: true, webauthn:extension:largeBlob: true, webauthn:extension:minPinLength: true, webauthn:extension:prf: true, webauthn:virtualAuthenticators: true}
Session ID: 0a3382ec6042e4b9a2ebccbbb4e1b5f0
	at org.openqa.selenium.support.ui.WebDriverWait.timeoutException(WebDriverWait.java:84)
	at org.openqa.selenium.support.ui.FluentWait.until(FluentWait.java:228)
	at com.saucedemo.utils.WaitUtils.waitForUrlContains(WaitUtils.java:43)
	at com.saucedemo.pages.BasePage.assertUrlContains(BasePage.java:88)
	at com.saucedemo.pages.CartPage.assertOnCartPage(CartPage.java:50)
	at com.saucedemo.steps.CheckoutSteps.iClickCheckoutButton(CheckoutSteps.java:29)
	at ✽.I click the Checkout button(file:///C:/Users/Testing/Documents/selenium-bdd-framework/Sparkrock_test/src/test/resources/features/checkout.feature:14)

  And I enter first name "John", last name "Doe", postal code "10001"            # com.saucedemo.steps.CheckoutSteps.iEnterCheckoutInfo(java.lang.String,java.lang.String,java.lang.String)
  And I click Continue                                                           # com.saucedemo.steps.CheckoutSteps.iClickContinue()
  Then the overview page should show "Sauce Labs Backpack"                       # com.saucedemo.steps.CheckoutSteps.theOverviewPageShouldShow(java.lang.String)
  And the order summary totals should be visible                                 # com.saucedemo.steps.CheckoutSteps.theOrderSummaryTotalsShouldBeVisible()
  When I click Finish                                                            # com.saucedemo.steps.CheckoutSteps.iClickFinish()
  Then the order confirmation page should be displayed                           # com.saucedemo.steps.CheckoutSteps.theOrderConfirmationPageShouldBeDisplayed()
  And the confirmation message should be "Thank you for your order!"             # com.saucedemo.steps.CheckoutSteps.theConfirmationMessageShouldBe(java.lang.String)
✖ FAILED: TC-03 - Complete end-to-end checkout with a single product
[Screenshot] Saved to: reports/screenshots/TC-03_-_Complete_end-to-end_checkout_with_a_single_product_20260312_133643.png

    Embedding Failure Screenshot [image/png 321757 bytes]

]]></system-out>
    <system-err><![CDATA[[main] INFO org.testng.internal.Utils - [XmlSuite] [WARN] 'parallel' value 'false' is no longer valid, defaulting to 'none'.
[main] INFO io.github.bonigarcia.wdm.WebDriverManager - Using chromedriver 145.0.7632.117 (resolved driver for Chrome 145)
[main] INFO io.github.bonigarcia.wdm.WebDriverManager - Exporting webdriver.chrome.driver as C:\Users\Testing\.cache\selenium\chromedriver\win64\145.0.7632.117\chromedriver.exe
Mar 12, 2026 1:36:31 PM org.openqa.selenium.devtools.CdpVersionFinder findNearestMatch
WARNING: Unable to find CDP implementation matching 145
Mar 12, 2026 1:36:31 PM org.openqa.selenium.chromium.ChromiumDriver lambda$new$5
WARNING: Unable to find version of CDP to use for 145.0.7632.160. You may need to include a dependency on a specific version of the CDP using something similar to `org.seleniumhq.selenium:selenium-devtools-v86:4.18.1` where the version ("v86") matches the version of the chromium-based browser you're using and the version number of the artifact is the same as Selenium's.
]]></system-err>
  </testcase>
  <testcase name="runScenario[&quot;TC-03b - Checkout with various products&quot;, &quot;Checkout Process&quot;](2)" classname="com.saucedemo.runners.TestRunner" time="13.013">
    <failure message="Expected condition failed: waiting for url to contain &quot;/checkout-step-two.html&quot;. Current url: &quot;https://www.saucedemo.com/checkout-step-one.html&quot; (tried for 10 second(s) with 500 milliseconds interval)&#10;Build info: version: &apos;4.18.1&apos;, revision: &apos;b1d3319b48&apos;&#10;System info: os.name: &apos;Windows 10&apos;, os.arch: &apos;amd64&apos;, os.version: &apos;10.0&apos;, java.version: &apos;21.0.2&apos;&#10;Driver info: org.openqa.selenium.chrome.ChromeDriver&#10;Capabilities {acceptInsecureCerts: false, browserName: chrome, browserVersion: 145.0.7632.160, chrome: {chromedriverVersion: 145.0.7632.117 (de4e5d6e13b..., userDataDir: C:\Users\Testing\scoped_dir...}, fedcm:accounts: true, goog:chromeOptions: {debuggerAddress: localhost:50962}, goog:processID: 21832, networkConnectionEnabled: false, pageLoadStrategy: normal, platformName: windows, proxy: Proxy(), se:cdp: ws://localhost:50962/devtoo..., se:cdpVersion: 145.0.7632.160, setWindowRect: true, strictFileInteractability: false, timeouts: {implicit: 0, pageLoad: 300000, script: 30000}, unhandledPromptBehavior: dismiss and notify, webauthn:extension:credBlob: true, webauthn:extension:largeBlob: true, webauthn:extension:minPinLength: true, webauthn:extension:prf: true, webauthn:virtualAuthenticators: true}&#10;Session ID: 3416e1a09bdb9ebc6e1085d33ac355d6" type="org.openqa.selenium.TimeoutException"><![CDATA[org.openqa.selenium.TimeoutException: 
Expected condition failed: waiting for url to contain "/checkout-step-two.html". Current url: "https://www.saucedemo.com/checkout-step-one.html" (tried for 10 second(s) with 500 milliseconds interval)
Build info: version: '4.18.1', revision: 'b1d3319b48'
System info: os.name: 'Windows 10', os.arch: 'amd64', os.version: '10.0', java.version: '21.0.2'
Driver info: org.openqa.selenium.chrome.ChromeDriver
Capabilities {acceptInsecureCerts: false, browserName: chrome, browserVersion: 145.0.7632.160, chrome: {chromedriverVersion: 145.0.7632.117 (de4e5d6e13b..., userDataDir: C:\Users\Testing\scoped_dir...}, fedcm:accounts: true, goog:chromeOptions: {debuggerAddress: localhost:50962}, goog:processID: 21832, networkConnectionEnabled: false, pageLoadStrategy: normal, platformName: windows, proxy: Proxy(), se:cdp: ws://localhost:50962/devtoo..., se:cdpVersion: 145.0.7632.160, setWindowRect: true, strictFileInteractability: false, timeouts: {implicit: 0, pageLoad: 300000, script: 30000}, unhandledPromptBehavior: dismiss and notify, webauthn:extension:credBlob: true, webauthn:extension:largeBlob: true, webauthn:extension:minPinLength: true, webauthn:extension:prf: true, webauthn:virtualAuthenticators: true}
Session ID: 3416e1a09bdb9ebc6e1085d33ac355d6
	at org.openqa.selenium.support.ui.WebDriverWait.timeoutException(WebDriverWait.java:84)
	at org.openqa.selenium.support.ui.FluentWait.until(FluentWait.java:228)
	at com.saucedemo.utils.WaitUtils.waitForUrlContains(WaitUtils.java:43)
	at com.saucedemo.pages.BasePage.assertUrlContains(BasePage.java:88)
	at com.saucedemo.pages.CheckoutPage.assertOnOverview(CheckoutPage.java:116)
	at com.saucedemo.steps.CheckoutSteps.iClickFinish(CheckoutSteps.java:45)
	at ✽.I click Finish(file:///C:/Users/Testing/Documents/selenium-bdd-framework/Sparkrock_test/src/test/resources/features/checkout.feature:30)
]]></failure>
    <system-out><![CDATA[
@checkout @TC-03b
Scenario Outline: TC-03b - Checkout with various products                        # src/test/resources/features/checkout.feature:36
▶ Starting: TC-03b - Checkout with various products
  Given I am logged in with username "standard_user" and password "secret_sauce" # com.saucedemo.steps.CartSteps.iAmLoggedIn(java.lang.String,java.lang.String)
[Screenshot] Saved to: reports/screenshots/step_TC-03b_-_Checkout_with_various_products_20260312_133646.png

    Embedding Step Screenshot [image/png 192631 bytes]

  Given I have added "Sauce Labs Bike Light" to the cart                         # com.saucedemo.steps.CheckoutSteps.iHaveAddedProductToCart(java.lang.String)
[Screenshot] Saved to: reports/screenshots/step_TC-03b_-_Checkout_with_various_products_20260312_133646.png

    Embedding Step Screenshot [image/png 148209 bytes]

  When I navigate to the cart                                                    # com.saucedemo.steps.CartSteps.iNavigateToCart()
[Screenshot] Saved to: reports/screenshots/step_TC-03b_-_Checkout_with_various_products_20260312_133647.png

    Embedding Step Screenshot [image/png 58379 bytes]

  And I click the Checkout button                                                # com.saucedemo.steps.CheckoutSteps.iClickCheckoutButton()
[Screenshot] Saved to: reports/screenshots/step_TC-03b_-_Checkout_with_various_products_20260312_133647.png

    Embedding Step Screenshot [image/png 27024 bytes]

  And I enter first name "Jane", last name "Smith", postal code "90210"          # com.saucedemo.steps.CheckoutSteps.iEnterCheckoutInfo(java.lang.String,java.lang.String,java.lang.String)
[Screenshot] Saved to: reports/screenshots/step_TC-03b_-_Checkout_with_various_products_20260312_133647.png

    Embedding Step Screenshot [image/png 24396 bytes]

  And I click Continue                                                           # com.saucedemo.steps.CheckoutSteps.iClickContinue()
[Screenshot] Saved to: reports/screenshots/step_TC-03b_-_Checkout_with_various_products_20260312_133647.png

    Embedding Step Screenshot [image/png 24396 bytes]

  And I click Finish                                                             # com.saucedemo.steps.CheckoutSteps.iClickFinish()
      org.openqa.selenium.TimeoutException: Expected condition failed: waiting for url to contain "/checkout-step-two.html". Current url: "https://www.saucedemo.com/checkout-step-one.html" (tried for 10 second(s) with 500 milliseconds interval)
Build info: version: '4.18.1', revision: 'b1d3319b48'
System info: os.name: 'Windows 10', os.arch: 'amd64', os.version: '10.0', java.version: '21.0.2'
Driver info: org.openqa.selenium.chrome.ChromeDriver
Capabilities {acceptInsecureCerts: false, browserName: chrome, browserVersion: 145.0.7632.160, chrome: {chromedriverVersion: 145.0.7632.117 (de4e5d6e13b..., userDataDir: C:\Users\Testing\scoped_dir...}, fedcm:accounts: true, goog:chromeOptions: {debuggerAddress: localhost:50962}, goog:processID: 21832, networkConnectionEnabled: false, pageLoadStrategy: normal, platformName: windows, proxy: Proxy(), se:cdp: ws://localhost:50962/devtoo..., se:cdpVersion: 145.0.7632.160, setWindowRect: true, strictFileInteractability: false, timeouts: {implicit: 0, pageLoad: 300000, script: 30000}, unhandledPromptBehavior: dismiss and notify, webauthn:extension:credBlob: true, webauthn:extension:largeBlob: true, webauthn:extension:minPinLength: true, webauthn:extension:prf: true, webauthn:virtualAuthenticators: true}
Session ID: 3416e1a09bdb9ebc6e1085d33ac355d6
	at org.openqa.selenium.support.ui.WebDriverWait.timeoutException(WebDriverWait.java:84)
	at org.openqa.selenium.support.ui.FluentWait.until(FluentWait.java:228)
	at com.saucedemo.utils.WaitUtils.waitForUrlContains(WaitUtils.java:43)
	at com.saucedemo.pages.BasePage.assertUrlContains(BasePage.java:88)
	at com.saucedemo.pages.CheckoutPage.assertOnOverview(CheckoutPage.java:116)
	at com.saucedemo.steps.CheckoutSteps.iClickFinish(CheckoutSteps.java:45)
	at ✽.I click Finish(file:///C:/Users/Testing/Documents/selenium-bdd-framework/Sparkrock_test/src/test/resources/features/checkout.feature:30)

  Then the order confirmation page should be displayed                           # com.saucedemo.steps.CheckoutSteps.theOrderConfirmationPageShouldBeDisplayed()
  And the confirmation message should be "Thank you for your order!"             # com.saucedemo.steps.CheckoutSteps.theConfirmationMessageShouldBe(java.lang.String)
✖ FAILED: TC-03b - Checkout with various products
[Screenshot] Saved to: reports/screenshots/TC-03b_-_Checkout_with_various_products_20260312_133658.png

    Embedding Failure Screenshot [image/png 24387 bytes]

]]></system-out>
    <system-err><![CDATA[[main] INFO io.github.bonigarcia.wdm.WebDriverManager - Using chromedriver 145.0.7632.117 (resolved driver for Chrome 145)
[main] INFO io.github.bonigarcia.wdm.WebDriverManager - Exporting webdriver.chrome.driver as C:\Users\Testing\.cache\selenium\chromedriver\win64\145.0.7632.117\chromedriver.exe
Mar 12, 2026 1:36:45 PM org.openqa.selenium.devtools.CdpVersionFinder findNearestMatch
WARNING: Unable to find CDP implementation matching 145
Mar 12, 2026 1:36:45 PM org.openqa.selenium.chromium.ChromiumDriver lambda$new$5
WARNING: Unable to find version of CDP to use for 145.0.7632.160. You may need to include a dependency on a specific version of the CDP using something similar to `org.seleniumhq.selenium:selenium-devtools-v86:4.18.1` where the version ("v86") matches the version of the chromium-based browser you're using and the version number of the artifact is the same as Selenium's.
]]></system-err>
  </testcase>
  <testcase name="runScenario[&quot;TC-03b - Checkout with various products&quot;, &quot;Checkout Process&quot;](3)" classname="com.saucedemo.runners.TestRunner" time="12.594">
    <failure message="Expected condition failed: waiting for url to contain &quot;/checkout-step-one.html&quot;. Current url: &quot;https://www.saucedemo.com/cart.html&quot; (tried for 10 second(s) with 500 milliseconds interval)&#10;Build info: version: &apos;4.18.1&apos;, revision: &apos;b1d3319b48&apos;&#10;System info: os.name: &apos;Windows 10&apos;, os.arch: &apos;amd64&apos;, os.version: &apos;10.0&apos;, java.version: &apos;21.0.2&apos;&#10;Driver info: org.openqa.selenium.chrome.ChromeDriver&#10;Capabilities {acceptInsecureCerts: false, browserName: chrome, browserVersion: 145.0.7632.160, chrome: {chromedriverVersion: 145.0.7632.117 (de4e5d6e13b..., userDataDir: C:\Users\Testing\scoped_dir...}, fedcm:accounts: true, goog:chromeOptions: {debuggerAddress: localhost:50994}, goog:processID: 24156, networkConnectionEnabled: false, pageLoadStrategy: normal, platformName: windows, proxy: Proxy(), se:cdp: ws://localhost:50994/devtoo..., se:cdpVersion: 145.0.7632.160, setWindowRect: true, strictFileInteractability: false, timeouts: {implicit: 0, pageLoad: 300000, script: 30000}, unhandledPromptBehavior: dismiss and notify, webauthn:extension:credBlob: true, webauthn:extension:largeBlob: true, webauthn:extension:minPinLength: true, webauthn:extension:prf: true, webauthn:virtualAuthenticators: true}&#10;Session ID: 6388f34814f74dfaeed63cd63716c20d" type="org.openqa.selenium.TimeoutException"><![CDATA[org.openqa.selenium.TimeoutException: 
Expected condition failed: waiting for url to contain "/checkout-step-one.html". Current url: "https://www.saucedemo.com/cart.html" (tried for 10 second(s) with 500 milliseconds interval)
Build info: version: '4.18.1', revision: 'b1d3319b48'
System info: os.name: 'Windows 10', os.arch: 'amd64', os.version: '10.0', java.version: '21.0.2'
Driver info: org.openqa.selenium.chrome.ChromeDriver
Capabilities {acceptInsecureCerts: false, browserName: chrome, browserVersion: 145.0.7632.160, chrome: {chromedriverVersion: 145.0.7632.117 (de4e5d6e13b..., userDataDir: C:\Users\Testing\scoped_dir...}, fedcm:accounts: true, goog:chromeOptions: {debuggerAddress: localhost:50994}, goog:processID: 24156, networkConnectionEnabled: false, pageLoadStrategy: normal, platformName: windows, proxy: Proxy(), se:cdp: ws://localhost:50994/devtoo..., se:cdpVersion: 145.0.7632.160, setWindowRect: true, strictFileInteractability: false, timeouts: {implicit: 0, pageLoad: 300000, script: 30000}, unhandledPromptBehavior: dismiss and notify, webauthn:extension:credBlob: true, webauthn:extension:largeBlob: true, webauthn:extension:minPinLength: true, webauthn:extension:prf: true, webauthn:virtualAuthenticators: true}
Session ID: 6388f34814f74dfaeed63cd63716c20d
	at org.openqa.selenium.support.ui.WebDriverWait.timeoutException(WebDriverWait.java:84)
	at org.openqa.selenium.support.ui.FluentWait.until(FluentWait.java:228)
	at com.saucedemo.utils.WaitUtils.waitForUrlContains(WaitUtils.java:43)
	at com.saucedemo.pages.BasePage.assertUrlContains(BasePage.java:88)
	at com.saucedemo.pages.CheckoutPage.assertOnStepOne(CheckoutPage.java:111)
	at com.saucedemo.steps.CheckoutSteps.iEnterCheckoutInfo(CheckoutSteps.java:34)
	at ✽.I enter first name "Jane", last name "Smith", postal code "90210"(file:///C:/Users/Testing/Documents/selenium-bdd-framework/Sparkrock_test/src/test/resources/features/checkout.feature:28)
]]></failure>
    <system-out><![CDATA[
@checkout @TC-03b
Scenario Outline: TC-03b - Checkout with various products                        # src/test/resources/features/checkout.feature:37
▶ Starting: TC-03b - Checkout with various products
  Given I am logged in with username "standard_user" and password "secret_sauce" # com.saucedemo.steps.CartSteps.iAmLoggedIn(java.lang.String,java.lang.String)
[Screenshot] Saved to: reports/screenshots/step_TC-03b_-_Checkout_with_various_products_20260312_133659.png

    Embedding Step Screenshot [image/png 324019 bytes]

  Given I have added "Sauce Labs Bolt T-Shirt" to the cart                       # com.saucedemo.steps.CheckoutSteps.iHaveAddedProductToCart(java.lang.String)
[Screenshot] Saved to: reports/screenshots/step_TC-03b_-_Checkout_with_various_products_20260312_133659.png

    Embedding Step Screenshot [image/png 316356 bytes]

  When I navigate to the cart                                                    # com.saucedemo.steps.CartSteps.iNavigateToCart()
[Screenshot] Saved to: reports/screenshots/step_TC-03b_-_Checkout_with_various_products_20260312_133700.png

    Embedding Step Screenshot [image/png 58008 bytes]

  And I click the Checkout button                                                # com.saucedemo.steps.CheckoutSteps.iClickCheckoutButton()
[Screenshot] Saved to: reports/screenshots/step_TC-03b_-_Checkout_with_various_products_20260312_133700.png

    Embedding Step Screenshot [image/png 58008 bytes]

  And I enter first name "Jane", last name "Smith", postal code "90210"          # com.saucedemo.steps.CheckoutSteps.iEnterCheckoutInfo(java.lang.String,java.lang.String,java.lang.String)
      org.openqa.selenium.TimeoutException: Expected condition failed: waiting for url to contain "/checkout-step-one.html". Current url: "https://www.saucedemo.com/cart.html" (tried for 10 second(s) with 500 milliseconds interval)
Build info: version: '4.18.1', revision: 'b1d3319b48'
System info: os.name: 'Windows 10', os.arch: 'amd64', os.version: '10.0', java.version: '21.0.2'
Driver info: org.openqa.selenium.chrome.ChromeDriver
Capabilities {acceptInsecureCerts: false, browserName: chrome, browserVersion: 145.0.7632.160, chrome: {chromedriverVersion: 145.0.7632.117 (de4e5d6e13b..., userDataDir: C:\Users\Testing\scoped_dir...}, fedcm:accounts: true, goog:chromeOptions: {debuggerAddress: localhost:50994}, goog:processID: 24156, networkConnectionEnabled: false, pageLoadStrategy: normal, platformName: windows, proxy: Proxy(), se:cdp: ws://localhost:50994/devtoo..., se:cdpVersion: 145.0.7632.160, setWindowRect: true, strictFileInteractability: false, timeouts: {implicit: 0, pageLoad: 300000, script: 30000}, unhandledPromptBehavior: dismiss and notify, webauthn:extension:credBlob: true, webauthn:extension:largeBlob: true, webauthn:extension:minPinLength: true, webauthn:extension:prf: true, webauthn:virtualAuthenticators: true}
Session ID: 6388f34814f74dfaeed63cd63716c20d
	at org.openqa.selenium.support.ui.WebDriverWait.timeoutException(WebDriverWait.java:84)
	at org.openqa.selenium.support.ui.FluentWait.until(FluentWait.java:228)
	at com.saucedemo.utils.WaitUtils.waitForUrlContains(WaitUtils.java:43)
	at com.saucedemo.pages.BasePage.assertUrlContains(BasePage.java:88)
	at com.saucedemo.pages.CheckoutPage.assertOnStepOne(CheckoutPage.java:111)
	at com.saucedemo.steps.CheckoutSteps.iEnterCheckoutInfo(CheckoutSteps.java:34)
	at ✽.I enter first name "Jane", last name "Smith", postal code "90210"(file:///C:/Users/Testing/Documents/selenium-bdd-framework/Sparkrock_test/src/test/resources/features/checkout.feature:28)

  And I click Continue                                                           # com.saucedemo.steps.CheckoutSteps.iClickContinue()
  And I click Finish                                                             # com.saucedemo.steps.CheckoutSteps.iClickFinish()
  Then the order confirmation page should be displayed                           # com.saucedemo.steps.CheckoutSteps.theOrderConfirmationPageShouldBeDisplayed()
  And the confirmation message should be "Thank you for your order!"             # com.saucedemo.steps.CheckoutSteps.theConfirmationMessageShouldBe(java.lang.String)
✖ FAILED: TC-03b - Checkout with various products
[Screenshot] Saved to: reports/screenshots/TC-03b_-_Checkout_with_various_products_20260312_133710.png

    Embedding Failure Screenshot [image/png 58008 bytes]

]]></system-out>
    <system-err><![CDATA[[main] INFO io.github.bonigarcia.wdm.WebDriverManager - Using chromedriver 145.0.7632.117 (resolved driver for Chrome 145)
[main] INFO io.github.bonigarcia.wdm.WebDriverManager - Exporting webdriver.chrome.driver as C:\Users\Testing\.cache\selenium\chromedriver\win64\145.0.7632.117\chromedriver.exe
Mar 12, 2026 1:36:58 PM org.openqa.selenium.devtools.CdpVersionFinder findNearestMatch
WARNING: Unable to find CDP implementation matching 145
Mar 12, 2026 1:36:58 PM org.openqa.selenium.chromium.ChromiumDriver lambda$new$5
WARNING: Unable to find version of CDP to use for 145.0.7632.160. You may need to include a dependency on a specific version of the CDP using something similar to `org.seleniumhq.selenium:selenium-devtools-v86:4.18.1` where the version ("v86") matches the version of the chromium-based browser you're using and the version number of the artifact is the same as Selenium's.
]]></system-err>
  </testcase>
  <testcase name="runScenario[&quot;TC-03b - Checkout with various products&quot;, &quot;Checkout Process&quot;](4)" classname="com.saucedemo.runners.TestRunner" time="12.655">
    <failure message="Expected condition failed: waiting for url to contain &quot;/checkout-step-one.html&quot;. Current url: &quot;https://www.saucedemo.com/cart.html&quot; (tried for 10 second(s) with 500 milliseconds interval)&#10;Build info: version: &apos;4.18.1&apos;, revision: &apos;b1d3319b48&apos;&#10;System info: os.name: &apos;Windows 10&apos;, os.arch: &apos;amd64&apos;, os.version: &apos;10.0&apos;, java.version: &apos;21.0.2&apos;&#10;Driver info: org.openqa.selenium.chrome.ChromeDriver&#10;Capabilities {acceptInsecureCerts: false, browserName: chrome, browserVersion: 145.0.7632.160, chrome: {chromedriverVersion: 145.0.7632.117 (de4e5d6e13b..., userDataDir: C:\Users\Testing\scoped_dir...}, fedcm:accounts: true, goog:chromeOptions: {debuggerAddress: localhost:51033}, goog:processID: 10008, networkConnectionEnabled: false, pageLoadStrategy: normal, platformName: windows, proxy: Proxy(), se:cdp: ws://localhost:51033/devtoo..., se:cdpVersion: 145.0.7632.160, setWindowRect: true, strictFileInteractability: false, timeouts: {implicit: 0, pageLoad: 300000, script: 30000}, unhandledPromptBehavior: dismiss and notify, webauthn:extension:credBlob: true, webauthn:extension:largeBlob: true, webauthn:extension:minPinLength: true, webauthn:extension:prf: true, webauthn:virtualAuthenticators: true}&#10;Session ID: 588f64402031d90974f6bae40bece3ff" type="org.openqa.selenium.TimeoutException"><![CDATA[org.openqa.selenium.TimeoutException: 
Expected condition failed: waiting for url to contain "/checkout-step-one.html". Current url: "https://www.saucedemo.com/cart.html" (tried for 10 second(s) with 500 milliseconds interval)
Build info: version: '4.18.1', revision: 'b1d3319b48'
System info: os.name: 'Windows 10', os.arch: 'amd64', os.version: '10.0', java.version: '21.0.2'
Driver info: org.openqa.selenium.chrome.ChromeDriver
Capabilities {acceptInsecureCerts: false, browserName: chrome, browserVersion: 145.0.7632.160, chrome: {chromedriverVersion: 145.0.7632.117 (de4e5d6e13b..., userDataDir: C:\Users\Testing\scoped_dir...}, fedcm:accounts: true, goog:chromeOptions: {debuggerAddress: localhost:51033}, goog:processID: 10008, networkConnectionEnabled: false, pageLoadStrategy: normal, platformName: windows, proxy: Proxy(), se:cdp: ws://localhost:51033/devtoo..., se:cdpVersion: 145.0.7632.160, setWindowRect: true, strictFileInteractability: false, timeouts: {implicit: 0, pageLoad: 300000, script: 30000}, unhandledPromptBehavior: dismiss and notify, webauthn:extension:credBlob: true, webauthn:extension:largeBlob: true, webauthn:extension:minPinLength: true, webauthn:extension:prf: true, webauthn:virtualAuthenticators: true}
Session ID: 588f64402031d90974f6bae40bece3ff
	at org.openqa.selenium.support.ui.WebDriverWait.timeoutException(WebDriverWait.java:84)
	at org.openqa.selenium.support.ui.FluentWait.until(FluentWait.java:228)
	at com.saucedemo.utils.WaitUtils.waitForUrlContains(WaitUtils.java:43)
	at com.saucedemo.pages.BasePage.assertUrlContains(BasePage.java:88)
	at com.saucedemo.pages.CheckoutPage.assertOnStepOne(CheckoutPage.java:111)
	at com.saucedemo.steps.CheckoutSteps.iEnterCheckoutInfo(CheckoutSteps.java:34)
	at ✽.I enter first name "Jane", last name "Smith", postal code "90210"(file:///C:/Users/Testing/Documents/selenium-bdd-framework/Sparkrock_test/src/test/resources/features/checkout.feature:28)
]]></failure>
    <system-out><![CDATA[
@checkout @TC-03b
Scenario Outline: TC-03b - Checkout with various products                        # src/test/resources/features/checkout.feature:38
▶ Starting: TC-03b - Checkout with various products
  Given I am logged in with username "standard_user" and password "secret_sauce" # com.saucedemo.steps.CartSteps.iAmLoggedIn(java.lang.String,java.lang.String)
[Screenshot] Saved to: reports/screenshots/step_TC-03b_-_Checkout_with_various_products_20260312_133712.png

    Embedding Step Screenshot [image/png 311564 bytes]

  Given I have added "Sauce Labs Onesie" to the cart                             # com.saucedemo.steps.CheckoutSteps.iHaveAddedProductToCart(java.lang.String)
[Screenshot] Saved to: reports/screenshots/step_TC-03b_-_Checkout_with_various_products_20260312_133712.png

    Embedding Step Screenshot [image/png 305993 bytes]

  When I navigate to the cart                                                    # com.saucedemo.steps.CartSteps.iNavigateToCart()
[Screenshot] Saved to: reports/screenshots/step_TC-03b_-_Checkout_with_various_products_20260312_133712.png

    Embedding Step Screenshot [image/png 58265 bytes]

  And I click the Checkout button                                                # com.saucedemo.steps.CheckoutSteps.iClickCheckoutButton()
[Screenshot] Saved to: reports/screenshots/step_TC-03b_-_Checkout_with_various_products_20260312_133712.png

    Embedding Step Screenshot [image/png 58265 bytes]

  And I enter first name "Jane", last name "Smith", postal code "90210"          # com.saucedemo.steps.CheckoutSteps.iEnterCheckoutInfo(java.lang.String,java.lang.String,java.lang.String)
      org.openqa.selenium.TimeoutException: Expected condition failed: waiting for url to contain "/checkout-step-one.html". Current url: "https://www.saucedemo.com/cart.html" (tried for 10 second(s) with 500 milliseconds interval)
Build info: version: '4.18.1', revision: 'b1d3319b48'
System info: os.name: 'Windows 10', os.arch: 'amd64', os.version: '10.0', java.version: '21.0.2'
Driver info: org.openqa.selenium.chrome.ChromeDriver
Capabilities {acceptInsecureCerts: false, browserName: chrome, browserVersion: 145.0.7632.160, chrome: {chromedriverVersion: 145.0.7632.117 (de4e5d6e13b..., userDataDir: C:\Users\Testing\scoped_dir...}, fedcm:accounts: true, goog:chromeOptions: {debuggerAddress: localhost:51033}, goog:processID: 10008, networkConnectionEnabled: false, pageLoadStrategy: normal, platformName: windows, proxy: Proxy(), se:cdp: ws://localhost:51033/devtoo..., se:cdpVersion: 145.0.7632.160, setWindowRect: true, strictFileInteractability: false, timeouts: {implicit: 0, pageLoad: 300000, script: 30000}, unhandledPromptBehavior: dismiss and notify, webauthn:extension:credBlob: true, webauthn:extension:largeBlob: true, webauthn:extension:minPinLength: true, webauthn:extension:prf: true, webauthn:virtualAuthenticators: true}
Session ID: 588f64402031d90974f6bae40bece3ff
	at org.openqa.selenium.support.ui.WebDriverWait.timeoutException(WebDriverWait.java:84)
	at org.openqa.selenium.support.ui.FluentWait.until(FluentWait.java:228)
	at com.saucedemo.utils.WaitUtils.waitForUrlContains(WaitUtils.java:43)
	at com.saucedemo.pages.BasePage.assertUrlContains(BasePage.java:88)
	at com.saucedemo.pages.CheckoutPage.assertOnStepOne(CheckoutPage.java:111)
	at com.saucedemo.steps.CheckoutSteps.iEnterCheckoutInfo(CheckoutSteps.java:34)
	at ✽.I enter first name "Jane", last name "Smith", postal code "90210"(file:///C:/Users/Testing/Documents/selenium-bdd-framework/Sparkrock_test/src/test/resources/features/checkout.feature:28)

  And I click Continue                                                           # com.saucedemo.steps.CheckoutSteps.iClickContinue()
  And I click Finish                                                             # com.saucedemo.steps.CheckoutSteps.iClickFinish()
  Then the order confirmation page should be displayed                           # com.saucedemo.steps.CheckoutSteps.theOrderConfirmationPageShouldBeDisplayed()
  And the confirmation message should be "Thank you for your order!"             # com.saucedemo.steps.CheckoutSteps.theConfirmationMessageShouldBe(java.lang.String)
✖ FAILED: TC-03b - Checkout with various products
[Screenshot] Saved to: reports/screenshots/TC-03b_-_Checkout_with_various_products_20260312_133723.png

    Embedding Failure Screenshot [image/png 58265 bytes]

]]></system-out>
    <system-err><![CDATA[[main] INFO io.github.bonigarcia.wdm.WebDriverManager - Using chromedriver 145.0.7632.117 (resolved driver for Chrome 145)
[main] INFO io.github.bonigarcia.wdm.WebDriverManager - Exporting webdriver.chrome.driver as C:\Users\Testing\.cache\selenium\chromedriver\win64\145.0.7632.117\chromedriver.exe
Mar 12, 2026 1:37:11 PM org.openqa.selenium.devtools.CdpVersionFinder findNearestMatch
WARNING: Unable to find CDP implementation matching 145
Mar 12, 2026 1:37:11 PM org.openqa.selenium.chromium.ChromiumDriver lambda$new$5
WARNING: Unable to find version of CDP to use for 145.0.7632.160. You may need to include a dependency on a specific version of the CDP using something similar to `org.seleniumhq.selenium:selenium-devtools-v86:4.18.1` where the version ("v86") matches the version of the chromium-based browser you're using and the version number of the artifact is the same as Selenium's.
]]></system-err>
  </testcase>
  <testcase name="runScenario[&quot;TC-03c - Checkout fails when first name is missing&quot;, &quot;Checkout Process&quot;](5)" classname="com.saucedemo.runners.TestRunner" time="12.847">
    <failure message="Expected condition failed: waiting for visibility of Proxy element for: DefaultElementLocator &apos;By.cssSelector: [data-test=&apos;error&apos;]&apos; (tried for 10 second(s) with 500 milliseconds interval)" type="org.openqa.selenium.TimeoutException"><![CDATA[org.openqa.selenium.TimeoutException: Expected condition failed: waiting for visibility of Proxy element for: DefaultElementLocator 'By.cssSelector: [data-test='error']' (tried for 10 second(s) with 500 milliseconds interval)
	at org.openqa.selenium.support.ui.WebDriverWait.timeoutException(WebDriverWait.java:84)
	at org.openqa.selenium.support.ui.FluentWait.until(FluentWait.java:228)
	at com.saucedemo.utils.WaitUtils.waitForVisible(WaitUtils.java:35)
	at com.saucedemo.pages.BasePage.getText(BasePage.java:65)
	at com.saucedemo.pages.CheckoutPage.assertStepOneError(CheckoutPage.java:156)
	at com.saucedemo.steps.CheckoutSteps.aCheckoutErrorShouldContain(CheckoutSteps.java:72)
	at ✽.a checkout error should contain "First Name is required"(file:///C:/Users/Testing/Documents/selenium-bdd-framework/Sparkrock_test/src/test/resources/features/checkout.feature:46)
Caused by: org.openqa.selenium.NoSuchElementException: no such element: Unable to locate element: {"method":"css selector","selector":"[data-test='error']"}
  (Session info: chrome=145.0.7632.160)
For documentation on this error, please visit: https://www.selenium.dev/documentation/webdriver/troubleshooting/errors#no-such-element-exception
Build info: version: '4.18.1', revision: 'b1d3319b48'
System info: os.name: 'Windows 10', os.arch: 'amd64', os.version: '10.0', java.version: '21.0.2'
Driver info: org.openqa.selenium.chrome.ChromeDriver
Command: [19e6d40a432da798d32f1f9a960e6e1b, findElement {using=css selector, value=[data-test='error']}]
Capabilities {acceptInsecureCerts: false, browserName: chrome, browserVersion: 145.0.7632.160, chrome: {chromedriverVersion: 145.0.7632.117 (de4e5d6e13b..., userDataDir: C:\Users\Testing\scoped_dir...}, fedcm:accounts: true, goog:chromeOptions: {debuggerAddress: localhost:51067}, goog:processID: 21340, networkConnectionEnabled: false, pageLoadStrategy: normal, platformName: windows, proxy: Proxy(), se:cdp: ws://localhost:51067/devtoo..., se:cdpVersion: 145.0.7632.160, setWindowRect: true, strictFileInteractability: false, timeouts: {implicit: 0, pageLoad: 300000, script: 30000}, unhandledPromptBehavior: dismiss and notify, webauthn:extension:credBlob: true, webauthn:extension:largeBlob: true, webauthn:extension:minPinLength: true, webauthn:extension:prf: true, webauthn:virtualAuthenticators: true}
Session ID: 19e6d40a432da798d32f1f9a960e6e1b
	at java.base/jdk.internal.reflect.DirectConstructorHandleAccessor.newInstance(DirectConstructorHandleAccessor.java:62)
	at java.base/java.lang.reflect.Constructor.newInstanceWithCaller(Constructor.java:502)
	at java.base/java.lang.reflect.Constructor.newInstance(Constructor.java:486)
	at org.openqa.selenium.remote.ErrorCodec.decode(ErrorCodec.java:167)
	at org.openqa.selenium.remote.codec.w3c.W3CHttpResponseCodec.decode(W3CHttpResponseCodec.java:138)
	at org.openqa.selenium.remote.codec.w3c.W3CHttpResponseCodec.decode(W3CHttpResponseCodec.java:50)
	at org.openqa.selenium.remote.HttpCommandExecutor.execute(HttpCommandExecutor.java:190)
	at org.openqa.selenium.remote.service.DriverCommandExecutor.invokeExecute(DriverCommandExecutor.java:216)
	at org.openqa.selenium.remote.service.DriverCommandExecutor.execute(DriverCommandExecutor.java:174)
	at org.openqa.selenium.remote.RemoteWebDriver.execute(RemoteWebDriver.java:519)
	at org.openqa.selenium.remote.ElementLocation$ElementFinder$2.findElement(ElementLocation.java:165)
	at org.openqa.selenium.remote.ElementLocation.findElement(ElementLocation.java:59)
	at org.openqa.selenium.remote.RemoteWebDriver.findElement(RemoteWebDriver.java:356)
	at org.openqa.selenium.remote.RemoteWebDriver.findElement(RemoteWebDriver.java:350)
	at org.openqa.selenium.support.pagefactory.DefaultElementLocator.findElement(DefaultElementLocator.java:68)
	at org.openqa.selenium.support.pagefactory.internal.LocatingElementHandler.invoke(LocatingElementHandler.java:38)
	at jdk.proxy2/jdk.proxy2.$Proxy26.isDisplayed(Unknown Source)
	at org.openqa.selenium.support.ui.ExpectedConditions.elementIfVisible(ExpectedConditions.java:304)
	at org.openqa.selenium.support.ui.ExpectedConditions$10.apply(ExpectedConditions.java:290)
	at org.openqa.selenium.support.ui.ExpectedConditions$10.apply(ExpectedConditions.java:287)
	at org.openqa.selenium.support.ui.FluentWait.until(FluentWait.java:203)
	at com.saucedemo.utils.WaitUtils.waitForVisible(WaitUtils.java:35)
	at com.saucedemo.pages.BasePage.getText(BasePage.java:65)
	at com.saucedemo.pages.CheckoutPage.assertStepOneError(CheckoutPage.java:156)
	at com.saucedemo.steps.CheckoutSteps.aCheckoutErrorShouldContain(CheckoutSteps.java:72)
	at java.base/jdk.internal.reflect.DirectMethodHandleAccessor.invoke(DirectMethodHandleAccessor.java:103)
	at java.base/java.lang.reflect.Method.invoke(Method.java:580)
	at io.cucumber.java.Invoker.doInvoke(Invoker.java:66)
	at io.cucumber.java.Invoker.invoke(Invoker.java:24)
	at io.cucumber.java.AbstractGlueDefinition.invokeMethod(AbstractGlueDefinition.java:47)
	at io.cucumber.java.JavaStepDefinition.execute(JavaStepDefinition.java:29)
	at io.cucumber.core.runner.CoreStepDefinition.execute(CoreStepDefinition.java:66)
	at io.cucumber.core.runner.PickleStepDefinitionMatch.runStep(PickleStepDefinitionMatch.java:63)
	at io.cucumber.core.runner.ExecutionMode$1.execute(ExecutionMode.java:10)
	at io.cucumber.core.runner.TestStep.executeStep(TestStep.java:84)
	at io.cucumber.core.runner.TestStep.run(TestStep.java:56)
	at io.cucumber.core.runner.PickleStepTestStep.run(PickleStepTestStep.java:51)
	at io.cucumber.core.runner.TestCase.run(TestCase.java:84)
	at io.cucumber.core.runner.Runner.runPickle(Runner.java:75)
	at io.cucumber.testng.TestNGCucumberRunner.lambda$runScenario$1(TestNGCucumberRunner.java:132)
	at io.cucumber.core.runtime.CucumberExecutionContext.lambda$runTestCase$5(CucumberExecutionContext.java:137)
	at io.cucumber.core.runtime.RethrowingThrowableCollector.executeAndThrow(RethrowingThrowableCollector.java:23)
	at io.cucumber.core.runtime.CucumberExecutionContext.runTestCase(CucumberExecutionContext.java:137)
	at io.cucumber.testng.TestNGCucumberRunner.runScenario(TestNGCucumberRunner.java:129)
	at io.cucumber.testng.AbstractTestNGCucumberTests.runScenario(AbstractTestNGCucumberTests.java:35)
	at java.base/jdk.internal.reflect.DirectMethodHandleAccessor.invoke(DirectMethodHandleAccessor.java:103)
	at java.base/java.lang.reflect.Method.invoke(Method.java:580)
	at org.testng.internal.invokers.MethodInvocationHelper.invokeMethod(MethodInvocationHelper.java:139)
	at org.testng.internal.invokers.TestInvoker.invokeMethod(TestInvoker.java:664)
	at org.testng.internal.invokers.TestInvoker.invokeTestMethod(TestInvoker.java:228)
	at org.testng.internal.invokers.MethodRunner.runInSequence(MethodRunner.java:63)
	at org.testng.internal.invokers.TestInvoker$MethodInvocationAgent.invoke(TestInvoker.java:961)
	at org.testng.internal.invokers.TestInvoker.invokeTestMethods(TestInvoker.java:201)
	at org.testng.internal.invokers.TestMethodWorker.invokeTestMethods(TestMethodWorker.java:148)
	at org.testng.internal.invokers.TestMethodWorker.run(TestMethodWorker.java:128)
	at java.base/java.util.ArrayList.forEach(ArrayList.java:1596)
	at org.testng.TestRunner.privateRun(TestRunner.java:819)
	at org.testng.TestRunner.run(TestRunner.java:619)
	at org.testng.SuiteRunner.runTest(SuiteRunner.java:443)
	at org.testng.SuiteRunner.runSequentially(SuiteRunner.java:437)
	at org.testng.SuiteRunner.privateRun(SuiteRunner.java:397)
	at org.testng.SuiteRunner.run(SuiteRunner.java:336)
	at org.testng.SuiteRunnerWorker.runSuite(SuiteRunnerWorker.java:52)
	at org.testng.SuiteRunnerWorker.run(SuiteRunnerWorker.java:95)
	at org.testng.TestNG.runSuitesSequentially(TestNG.java:1301)
	at org.testng.TestNG.runSuitesLocally(TestNG.java:1228)
	at org.testng.TestNG.runSuites(TestNG.java:1134)
	at org.testng.TestNG.run(TestNG.java:1101)
	at org.apache.maven.surefire.testng.TestNGExecutor.run(TestNGExecutor.java:308)
	at org.apache.maven.surefire.testng.TestNGXmlTestSuite.execute(TestNGXmlTestSuite.java:71)
	at org.apache.maven.surefire.testng.TestNGProvider.invoke(TestNGProvider.java:113)
	at org.apache.maven.surefire.booter.ForkedBooter.runSuitesInProcess(ForkedBooter.java:385)
	at org.apache.maven.surefire.booter.ForkedBooter.execute(ForkedBooter.java:162)
	at org.apache.maven.surefire.booter.ForkedBooter.run(ForkedBooter.java:507)
	at org.apache.maven.surefire.booter.ForkedBooter.main(ForkedBooter.java:495)
]]></failure>
    <system-out><![CDATA[
@checkout @negative @TC-03c
Scenario: TC-03c - Checkout fails when first name is missing                     # src/test/resources/features/checkout.feature:41
▶ Starting: TC-03c - Checkout fails when first name is missing
  Given I am logged in with username "standard_user" and password "secret_sauce" # com.saucedemo.steps.CartSteps.iAmLoggedIn(java.lang.String,java.lang.String)
[Screenshot] Saved to: reports/screenshots/step_TC-03c_-_Checkout_fails_when_first_name_is_missing_20260312_133725.png

    Embedding Step Screenshot [image/png 324019 bytes]

  Given I have added "Sauce Labs Backpack" to the cart                           # com.saucedemo.steps.CheckoutSteps.iHaveAddedProductToCart(java.lang.String)
[Screenshot] Saved to: reports/screenshots/step_TC-03c_-_Checkout_fails_when_first_name_is_missing_20260312_133725.png

    Embedding Step Screenshot [image/png 340991 bytes]

  When I navigate to the cart                                                    # com.saucedemo.steps.CartSteps.iNavigateToCart()
[Screenshot] Saved to: reports/screenshots/step_TC-03c_-_Checkout_fails_when_first_name_is_missing_20260312_133725.png

    Embedding Step Screenshot [image/png 56045 bytes]

  And I click the Checkout button                                                # com.saucedemo.steps.CheckoutSteps.iClickCheckoutButton()
[Screenshot] Saved to: reports/screenshots/step_TC-03c_-_Checkout_fails_when_first_name_is_missing_20260312_133725.png

    Embedding Step Screenshot [image/png 27024 bytes]

  And I click Continue                                                           # com.saucedemo.steps.CheckoutSteps.iClickContinue()
[Screenshot] Saved to: reports/screenshots/step_TC-03c_-_Checkout_fails_when_first_name_is_missing_20260312_133725.png

    Embedding Step Screenshot [image/png 27024 bytes]

  Then a checkout error should contain "First Name is required"                  # com.saucedemo.steps.CheckoutSteps.aCheckoutErrorShouldContain(java.lang.String)
      org.openqa.selenium.TimeoutException: Expected condition failed: waiting for visibility of Proxy element for: DefaultElementLocator 'By.cssSelector: [data-test='error']' (tried for 10 second(s) with 500 milliseconds interval)
	at org.openqa.selenium.support.ui.WebDriverWait.timeoutException(WebDriverWait.java:84)
	at org.openqa.selenium.support.ui.FluentWait.until(FluentWait.java:228)
	at com.saucedemo.utils.WaitUtils.waitForVisible(WaitUtils.java:35)
	at com.saucedemo.pages.BasePage.getText(BasePage.java:65)
	at com.saucedemo.pages.CheckoutPage.assertStepOneError(CheckoutPage.java:156)
	at com.saucedemo.steps.CheckoutSteps.aCheckoutErrorShouldContain(CheckoutSteps.java:72)
	at ✽.a checkout error should contain "First Name is required"(file:///C:/Users/Testing/Documents/selenium-bdd-framework/Sparkrock_test/src/test/resources/features/checkout.feature:46)
Caused by: org.openqa.selenium.NoSuchElementException: no such element: Unable to locate element: {"method":"css selector","selector":"[data-test='error']"}
  (Session info: chrome=145.0.7632.160)
For documentation on this error, please visit: https://www.selenium.dev/documentation/webdriver/troubleshooting/errors#no-such-element-exception
Build info: version: '4.18.1', revision: 'b1d3319b48'
System info: os.name: 'Windows 10', os.arch: 'amd64', os.version: '10.0', java.version: '21.0.2'
Driver info: org.openqa.selenium.chrome.ChromeDriver
Command: [19e6d40a432da798d32f1f9a960e6e1b, findElement {using=css selector, value=[data-test='error']}]
Capabilities {acceptInsecureCerts: false, browserName: chrome, browserVersion: 145.0.7632.160, chrome: {chromedriverVersion: 145.0.7632.117 (de4e5d6e13b..., userDataDir: C:\Users\Testing\scoped_dir...}, fedcm:accounts: true, goog:chromeOptions: {debuggerAddress: localhost:51067}, goog:processID: 21340, networkConnectionEnabled: false, pageLoadStrategy: normal, platformName: windows, proxy: Proxy(), se:cdp: ws://localhost:51067/devtoo..., se:cdpVersion: 145.0.7632.160, setWindowRect: true, strictFileInteractability: false, timeouts: {implicit: 0, pageLoad: 300000, script: 30000}, unhandledPromptBehavior: dismiss and notify, webauthn:extension:credBlob: true, webauthn:extension:largeBlob: true, webauthn:extension:minPinLength: true, webauthn:extension:prf: true, webauthn:virtualAuthenticators: true}
Session ID: 19e6d40a432da798d32f1f9a960e6e1b
	at java.base/jdk.internal.reflect.DirectConstructorHandleAccessor.newInstance(DirectConstructorHandleAccessor.java:62)
	at java.base/java.lang.reflect.Constructor.newInstanceWithCaller(Constructor.java:502)
	at java.base/java.lang.reflect.Constructor.newInstance(Constructor.java:486)
	at org.openqa.selenium.remote.ErrorCodec.decode(ErrorCodec.java:167)
	at org.openqa.selenium.remote.codec.w3c.W3CHttpResponseCodec.decode(W3CHttpResponseCodec.java:138)
	at org.openqa.selenium.remote.codec.w3c.W3CHttpResponseCodec.decode(W3CHttpResponseCodec.java:50)
	at org.openqa.selenium.remote.HttpCommandExecutor.execute(HttpCommandExecutor.java:190)
	at org.openqa.selenium.remote.service.DriverCommandExecutor.invokeExecute(DriverCommandExecutor.java:216)
	at org.openqa.selenium.remote.service.DriverCommandExecutor.execute(DriverCommandExecutor.java:174)
	at org.openqa.selenium.remote.RemoteWebDriver.execute(RemoteWebDriver.java:519)
	at org.openqa.selenium.remote.ElementLocation$ElementFinder$2.findElement(ElementLocation.java:165)
	at org.openqa.selenium.remote.ElementLocation.findElement(ElementLocation.java:59)
	at org.openqa.selenium.remote.RemoteWebDriver.findElement(RemoteWebDriver.java:356)
	at org.openqa.selenium.remote.RemoteWebDriver.findElement(RemoteWebDriver.java:350)
	at org.openqa.selenium.support.pagefactory.DefaultElementLocator.findElement(DefaultElementLocator.java:68)
	at org.openqa.selenium.support.pagefactory.internal.LocatingElementHandler.invoke(LocatingElementHandler.java:38)
	at jdk.proxy2/jdk.proxy2.$Proxy26.isDisplayed(Unknown Source)
	at org.openqa.selenium.support.ui.ExpectedConditions.elementIfVisible(ExpectedConditions.java:304)
	at org.openqa.selenium.support.ui.ExpectedConditions$10.apply(ExpectedConditions.java:290)
	at org.openqa.selenium.support.ui.ExpectedConditions$10.apply(ExpectedConditions.java:287)
	at org.openqa.selenium.support.ui.FluentWait.until(FluentWait.java:203)
	at com.saucedemo.utils.WaitUtils.waitForVisible(WaitUtils.java:35)
	at com.saucedemo.pages.BasePage.getText(BasePage.java:65)
	at com.saucedemo.pages.CheckoutPage.assertStepOneError(CheckoutPage.java:156)
	at com.saucedemo.steps.CheckoutSteps.aCheckoutErrorShouldContain(CheckoutSteps.java:72)
	at java.base/jdk.internal.reflect.DirectMethodHandleAccessor.invoke(DirectMethodHandleAccessor.java:103)
	at java.base/java.lang.reflect.Method.invoke(Method.java:580)
	at io.cucumber.java.Invoker.doInvoke(Invoker.java:66)
	at io.cucumber.java.Invoker.invoke(Invoker.java:24)
	at io.cucumber.java.AbstractGlueDefinition.invokeMethod(AbstractGlueDefinition.java:47)
	at io.cucumber.java.JavaStepDefinition.execute(JavaStepDefinition.java:29)
	at io.cucumber.core.runner.CoreStepDefinition.execute(CoreStepDefinition.java:66)
	at io.cucumber.core.runner.PickleStepDefinitionMatch.runStep(PickleStepDefinitionMatch.java:63)
	at io.cucumber.core.runner.ExecutionMode$1.execute(ExecutionMode.java:10)
	at io.cucumber.core.runner.TestStep.executeStep(TestStep.java:84)
	at io.cucumber.core.runner.TestStep.run(TestStep.java:56)
	at io.cucumber.core.runner.PickleStepTestStep.run(PickleStepTestStep.java:51)
	at io.cucumber.core.runner.TestCase.run(TestCase.java:84)
	at io.cucumber.core.runner.Runner.runPickle(Runner.java:75)
	at io.cucumber.testng.TestNGCucumberRunner.lambda$runScenario$1(TestNGCucumberRunner.java:132)
	at io.cucumber.core.runtime.CucumberExecutionContext.lambda$runTestCase$5(CucumberExecutionContext.java:137)
	at io.cucumber.core.runtime.RethrowingThrowableCollector.executeAndThrow(RethrowingThrowableCollector.java:23)
	at io.cucumber.core.runtime.CucumberExecutionContext.runTestCase(CucumberExecutionContext.java:137)
	at io.cucumber.testng.TestNGCucumberRunner.runScenario(TestNGCucumberRunner.java:129)
	at io.cucumber.testng.AbstractTestNGCucumberTests.runScenario(AbstractTestNGCucumberTests.java:35)
	at java.base/jdk.internal.reflect.DirectMethodHandleAccessor.invoke(DirectMethodHandleAccessor.java:103)
	at java.base/java.lang.reflect.Method.invoke(Method.java:580)
	at org.testng.internal.invokers.MethodInvocationHelper.invokeMethod(MethodInvocationHelper.java:139)
	at org.testng.internal.invokers.TestInvoker.invokeMethod(TestInvoker.java:664)
	at org.testng.internal.invokers.TestInvoker.invokeTestMethod(TestInvoker.java:228)
	at org.testng.internal.invokers.MethodRunner.runInSequence(MethodRunner.java:63)
	at org.testng.internal.invokers.TestInvoker$MethodInvocationAgent.invoke(TestInvoker.java:961)
	at org.testng.internal.invokers.TestInvoker.invokeTestMethods(TestInvoker.java:201)
	at org.testng.internal.invokers.TestMethodWorker.invokeTestMethods(TestMethodWorker.java:148)
	at org.testng.internal.invokers.TestMethodWorker.run(TestMethodWorker.java:128)
	at java.base/java.util.ArrayList.forEach(ArrayList.java:1596)
	at org.testng.TestRunner.privateRun(TestRunner.java:819)
	at org.testng.TestRunner.run(TestRunner.java:619)
	at org.testng.SuiteRunner.runTest(SuiteRunner.java:443)
	at org.testng.SuiteRunner.runSequentially(SuiteRunner.java:437)
	at org.testng.SuiteRunner.privateRun(SuiteRunner.java:397)
	at org.testng.SuiteRunner.run(SuiteRunner.java:336)
	at org.testng.SuiteRunnerWorker.runSuite(SuiteRunnerWorker.java:52)
	at org.testng.SuiteRunnerWorker.run(SuiteRunnerWorker.java:95)
	at org.testng.TestNG.runSuitesSequentially(TestNG.java:1301)
	at org.testng.TestNG.runSuitesLocally(TestNG.java:1228)
	at org.testng.TestNG.runSuites(TestNG.java:1134)
	at org.testng.TestNG.run(TestNG.java:1101)
	at org.apache.maven.surefire.testng.TestNGExecutor.run(TestNGExecutor.java:308)
	at org.apache.maven.surefire.testng.TestNGXmlTestSuite.execute(TestNGXmlTestSuite.java:71)
	at org.apache.maven.surefire.testng.TestNGProvider.invoke(TestNGProvider.java:113)
	at org.apache.maven.surefire.booter.ForkedBooter.runSuitesInProcess(ForkedBooter.java:385)
	at org.apache.maven.surefire.booter.ForkedBooter.execute(ForkedBooter.java:162)
	at org.apache.maven.surefire.booter.ForkedBooter.run(ForkedBooter.java:507)
	at org.apache.maven.surefire.booter.ForkedBooter.main(ForkedBooter.java:495)

✖ FAILED: TC-03c - Checkout fails when first name is missing
[Screenshot] Saved to: reports/screenshots/TC-03c_-_Checkout_fails_when_first_name_is_missing_20260312_133736.png

    Embedding Failure Screenshot [image/png 27024 bytes]

]]></system-out>
    <system-err><![CDATA[[main] INFO io.github.bonigarcia.wdm.WebDriverManager - Using chromedriver 145.0.7632.117 (resolved driver for Chrome 145)
[main] INFO io.github.bonigarcia.wdm.WebDriverManager - Exporting webdriver.chrome.driver as C:\Users\Testing\.cache\selenium\chromedriver\win64\145.0.7632.117\chromedriver.exe
Mar 12, 2026 1:37:23 PM org.openqa.selenium.devtools.CdpVersionFinder findNearestMatch
WARNING: Unable to find CDP implementation matching 145
Mar 12, 2026 1:37:23 PM org.openqa.selenium.chromium.ChromiumDriver lambda$new$5
WARNING: Unable to find version of CDP to use for 145.0.7632.160. You may need to include a dependency on a specific version of the CDP using something similar to `org.seleniumhq.selenium:selenium-devtools-v86:4.18.1` where the version ("v86") matches the version of the chromium-based browser you're using and the version number of the artifact is the same as Selenium's.
]]></system-err>
  </testcase>
</testsuite>